24-Sep-2016 08:21:43.924 INFO [main] org.apache.catalina.core.AprLifecycleListener.init The APR based Apache Tomcat Native library which allows optimal performance in production environments was not found on the java.library.path: C:\Program Files\Java\jdk1.7.0_80\bin;C:\Windows\Sun\Java\bin;C:\Windows\system32;C:\Windows;C:\Program Files (x86)\Python35-32\Scripts\;C:\Program Files (x86)\Python35-32\;C:\Program Files\Tcl\bin;C:\Program Files\Python27\;C:\Program Files\Python27\Scripts;C:\Program Files\Perl64\site\bin;C:\Program Files\Perl64\bin;C:\Perl\site\bin;C:\Perl\bin;C:\Windows\system32;C:\Windows;C:\Windows\System32\Wbem;C:\Windows\System32\WindowsPowerShell\v1.0\;C:\Program Files (x86)\WinSCP\;C:\Program Files\Java\jdk1.7.0_80\bin;C:\Program Files (x86)\Symyx\Symyx Draw 3.3\lib;C:\Program Files (x86)\Common Files\MDL Shared\ISIS;.
24-Sep-2016 08:21:44.385 INFO [main] org.apache.coyote.AbstractProtocol.init Initializing ProtocolHandler ["http-nio-8080"]
24-Sep-2016 08:21:44.423 INFO [main] org.apache.tomcat.util.net.NioSelectorPool.getSharedSelector Using a shared selector for servlet write/read
24-Sep-2016 08:21:44.435 INFO [main] org.apache.coyote.AbstractProtocol.init Initializing ProtocolHandler ["ajp-nio-8009"]
24-Sep-2016 08:21:44.438 INFO [main] org.apache.tomcat.util.net.NioSelectorPool.getSharedSelector Using a shared selector for servlet write/read
24-Sep-2016 08:21:44.439 INFO [main] org.apache.catalina.startup.Catalina.load Initialization processed in 1740 ms
24-Sep-2016 08:21:44.533 INFO [main] org.apache.catalina.core.StandardService.startInternal Démarrage du service Catalina
24-Sep-2016 08:21:44.534 INFO [main] org.apache.catalina.core.StandardEngine.startInternal Starting Servlet Engine: Apache Tomcat/8.0.12
24-Sep-2016 08:21:44.576 INFO [localhost-startStop-1] org.apache.catalina.startup.HostConfig.deployDirectory Déploiement du répertoire E:\aN3\bdd\tp3\tomcat8\webapps\vide de l'application web
24-Sep-2016 08:21:45.693 INFO [localhost-startStop-1] org.apache.catalina.startup.HostConfig.deployDirectory Deployment of web application directory E:\aN3\bdd\tp3\tomcat8\webapps\vide has finished in 1 115 ms
24-Sep-2016 08:21:45.695 INFO [localhost-startStop-1] org.apache.catalina.startup.HostConfig.deployDirectory Déploiement du répertoire E:\aN3\bdd\tp3\tomcat8\webapps\manager de l'application web
24-Sep-2016 08:21:45.877 INFO [localhost-startStop-1] org.apache.catalina.startup.HostConfig.deployDirectory Deployment of web application directory E:\aN3\bdd\tp3\tomcat8\webapps\manager has finished in 183 ms
24-Sep-2016 08:21:45.879 INFO [localhost-startStop-1] org.apache.catalina.startup.HostConfig.deployDirectory Déploiement du répertoire E:\aN3\bdd\tp3\tomcat8\webapps\test de l'application web
24-Sep-2016 08:21:45.994 INFO [localhost-startStop-1] org.apache.catalina.startup.HostConfig.deployDirectory Deployment of web application directory E:\aN3\bdd\tp3\tomcat8\webapps\test has finished in 115 ms
24-Sep-2016 08:21:45.995 INFO [localhost-startStop-1] org.apache.catalina.startup.HostConfig.deployDirectory Déploiement du répertoire E:\aN3\bdd\tp3\tomcat8\webapps\host-manager de l'application web
24-Sep-2016 08:21:46.177 INFO [localhost-startStop-1] org.apache.catalina.startup.HostConfig.deployDirectory Deployment of web application directory E:\aN3\bdd\tp3\tomcat8\webapps\host-manager has finished in 182 ms
24-Sep-2016 08:21:46.178 INFO [localhost-startStop-1] org.apache.catalina.startup.HostConfig.deployDirectory Déploiement du répertoire E:\aN3\bdd\tp3\tomcat8\webapps\ROOT de l'application web
24-Sep-2016 08:21:46.329 INFO [localhost-startStop-1] org.apache.catalina.startup.HostConfig.deployDirectory Deployment of web application directory E:\aN3\bdd\tp3\tomcat8\webapps\ROOT has finished in 151 ms
24-Sep-2016 08:21:46.334 INFO [main] org.apache.coyote.AbstractProtocol.start Starting ProtocolHandler ["http-nio-8080"]
24-Sep-2016 08:21:46.350 INFO [main] org.apache.coyote.AbstractProtocol.start Starting ProtocolHandler ["ajp-nio-8009"]
24-Sep-2016 08:21:46.351 INFO [main] org.apache.catalina.startup.Catalina.start Server startup in 2870 ms
