08-Oct-2016 08:01:19.204 INFO [main] org.apache.catalina.core.AprLifecycleListener.init The APR based Apache Tomcat Native library which allows optimal performance in production environments was not found on the java.library.path: C:\Program Files\Java\jdk1.7.0_80\bin;C:\Windows\Sun\Java\bin;C:\Windows\system32;C:\Windows;C:\Program Files (x86)\Python35-32\Scripts\;C:\Program Files (x86)\Python35-32\;C:\Program Files\Tcl\bin;C:\Program Files\Python27\;C:\Program Files\Python27\Scripts;C:\Program Files\Perl64\site\bin;C:\Program Files\Perl64\bin;C:\Perl\site\bin;C:\Perl\bin;C:\Windows\system32;C:\Windows;C:\Windows\System32\Wbem;C:\Windows\System32\WindowsPowerShell\v1.0\;C:\Program Files (x86)\WinSCP\;C:\Program Files\Java\jdk1.7.0_80\bin;C:\Program Files (x86)\Symyx\Symyx Draw 3.3\lib;C:\Program Files (x86)\Common Files\MDL Shared\ISIS;.
08-Oct-2016 08:01:19.994 INFO [main] org.apache.coyote.AbstractProtocol.init Initializing ProtocolHandler ["http-nio-8080"]
08-Oct-2016 08:01:20.051 INFO [main] org.apache.tomcat.util.net.NioSelectorPool.getSharedSelector Using a shared selector for servlet write/read
08-Oct-2016 08:01:20.066 INFO [main] org.apache.coyote.AbstractProtocol.init Initializing ProtocolHandler ["ajp-nio-8009"]
08-Oct-2016 08:01:20.080 INFO [main] org.apache.tomcat.util.net.NioSelectorPool.getSharedSelector Using a shared selector for servlet write/read
08-Oct-2016 08:01:20.080 INFO [main] org.apache.catalina.startup.Catalina.load Initialization processed in 2091 ms
08-Oct-2016 08:01:20.180 INFO [main] org.apache.catalina.core.StandardService.startInternal Démarrage du service Catalina
08-Oct-2016 08:01:20.180 INFO [main] org.apache.catalina.core.StandardEngine.startInternal Starting Servlet Engine: Apache Tomcat/8.0.12
08-Oct-2016 08:01:20.237 INFO [localhost-startStop-1] org.apache.catalina.startup.HostConfig.deployDirectory Déploiement du répertoire E:\aN3\bdd\tp4\tomcat8light\tomcat8\webapps\vide de l'application web
08-Oct-2016 08:01:23.813 INFO [localhost-startStop-1] org.apache.catalina.startup.HostConfig.deployDirectory Deployment of web application directory E:\aN3\bdd\tp4\tomcat8light\tomcat8\webapps\vide has finished in 3 576 ms
08-Oct-2016 08:01:23.813 INFO [localhost-startStop-1] org.apache.catalina.startup.HostConfig.deployDirectory Déploiement du répertoire E:\aN3\bdd\tp4\tomcat8light\tomcat8\webapps\manager de l'application web
08-Oct-2016 08:01:24.096 INFO [localhost-startStop-1] org.apache.catalina.startup.HostConfig.deployDirectory Deployment of web application directory E:\aN3\bdd\tp4\tomcat8light\tomcat8\webapps\manager has finished in 283 ms
08-Oct-2016 08:01:24.096 INFO [localhost-startStop-1] org.apache.catalina.startup.HostConfig.deployDirectory Déploiement du répertoire E:\aN3\bdd\tp4\tomcat8light\tomcat8\webapps\host-manager de l'application web
08-Oct-2016 08:01:24.438 INFO [localhost-startStop-1] org.apache.catalina.startup.HostConfig.deployDirectory Deployment of web application directory E:\aN3\bdd\tp4\tomcat8light\tomcat8\webapps\host-manager has finished in 342 ms
08-Oct-2016 08:01:24.445 INFO [localhost-startStop-1] org.apache.catalina.startup.HostConfig.deployDirectory Déploiement du répertoire E:\aN3\bdd\tp4\tomcat8light\tomcat8\webapps\ROOT de l'application web
08-Oct-2016 08:01:24.728 INFO [localhost-startStop-1] org.apache.catalina.startup.HostConfig.deployDirectory Deployment of web application directory E:\aN3\bdd\tp4\tomcat8light\tomcat8\webapps\ROOT has finished in 283 ms
08-Oct-2016 08:01:24.728 INFO [main] org.apache.coyote.AbstractProtocol.start Starting ProtocolHandler ["http-nio-8080"]
08-Oct-2016 08:01:24.767 INFO [main] org.apache.coyote.AbstractProtocol.start Starting ProtocolHandler ["ajp-nio-8009"]
08-Oct-2016 08:01:24.780 INFO [main] org.apache.catalina.startup.Catalina.start Server startup in 5463 ms
08-Oct-2016 08:03:51.445 SEVERE [main] org.apache.catalina.startup.Catalina.stopServer Could not contact localhost:8005. Tomcat may not be running.
08-Oct-2016 08:03:51.446 SEVERE [main] org.apache.catalina.startup.Catalina.stopServer Catalina.stop: 
 java.net.ConnectException: Connection refused: connect
	at java.net.DualStackPlainSocketImpl.connect0(Native Method)
	at java.net.DualStackPlainSocketImpl.socketConnect(DualStackPlainSocketImpl.java:79)
	at java.net.AbstractPlainSocketImpl.doConnect(AbstractPlainSocketImpl.java:339)
	at java.net.AbstractPlainSocketImpl.connectToAddress(AbstractPlainSocketImpl.java:200)
	at java.net.AbstractPlainSocketImpl.connect(AbstractPlainSocketImpl.java:182)
	at java.net.PlainSocketImpl.connect(PlainSocketImpl.java:172)
	at java.net.SocksSocketImpl.connect(SocksSocketImpl.java:392)
	at java.net.Socket.connect(Socket.java:579)
	at java.net.Socket.connect(Socket.java:528)
	at java.net.Socket.<init>(Socket.java:425)
	at java.net.Socket.<init>(Socket.java:208)
	at org.apache.catalina.startup.Catalina.stopServer(Catalina.java:450)
	at sun.reflect.NativeMethodAccessorImpl.invoke0(Native Method)
	at sun.reflect.NativeMethodAccessorImpl.invoke(NativeMethodAccessorImpl.java:57)
	at sun.reflect.DelegatingMethodAccessorImpl.invoke(DelegatingMethodAccessorImpl.java:43)
	at java.lang.reflect.Method.invoke(Method.java:606)
	at org.apache.catalina.startup.Bootstrap.stopServer(Bootstrap.java:400)
	at org.apache.catalina.startup.Bootstrap.main(Bootstrap.java:487)

08-Oct-2016 08:04:00.404 INFO [main] org.apache.catalina.core.AprLifecycleListener.init The APR based Apache Tomcat Native library which allows optimal performance in production environments was not found on the java.library.path: C:\Program Files\Java\jdk1.7.0_80\bin;C:\Windows\Sun\Java\bin;C:\Windows\system32;C:\Windows;C:\Program Files (x86)\Python35-32\Scripts\;C:\Program Files (x86)\Python35-32\;C:\Program Files\Tcl\bin;C:\Program Files\Python27\;C:\Program Files\Python27\Scripts;C:\Program Files\Perl64\site\bin;C:\Program Files\Perl64\bin;C:\Perl\site\bin;C:\Perl\bin;C:\Windows\system32;C:\Windows;C:\Windows\System32\Wbem;C:\Windows\System32\WindowsPowerShell\v1.0\;C:\Program Files (x86)\WinSCP\;C:\Program Files\Java\jdk1.7.0_80\bin;C:\Program Files (x86)\Symyx\Symyx Draw 3.3\lib;C:\Program Files (x86)\Common Files\MDL Shared\ISIS;.
08-Oct-2016 08:04:00.942 INFO [main] org.apache.coyote.AbstractProtocol.init Initializing ProtocolHandler ["http-nio-8080"]
08-Oct-2016 08:04:00.972 INFO [main] org.apache.tomcat.util.net.NioSelectorPool.getSharedSelector Using a shared selector for servlet write/read
08-Oct-2016 08:04:00.977 INFO [main] org.apache.coyote.AbstractProtocol.init Initializing ProtocolHandler ["ajp-nio-8009"]
08-Oct-2016 08:04:00.982 INFO [main] org.apache.tomcat.util.net.NioSelectorPool.getSharedSelector Using a shared selector for servlet write/read
08-Oct-2016 08:04:00.983 INFO [main] org.apache.catalina.startup.Catalina.load Initialization processed in 1197 ms
08-Oct-2016 08:04:01.052 INFO [main] org.apache.catalina.core.StandardService.startInternal Démarrage du service Catalina
08-Oct-2016 08:04:01.052 INFO [main] org.apache.catalina.core.StandardEngine.startInternal Starting Servlet Engine: Apache Tomcat/8.0.12
08-Oct-2016 08:04:01.109 INFO [localhost-startStop-1] org.apache.catalina.startup.HostConfig.deployDirectory Déploiement du répertoire E:\aN3\bdd\tp4\tomcat8light\tomcat8\webapps\vide de l'application web
08-Oct-2016 08:04:04.661 INFO [localhost-startStop-1] org.apache.catalina.startup.HostConfig.deployDirectory Deployment of web application directory E:\aN3\bdd\tp4\tomcat8light\tomcat8\webapps\vide has finished in 3 552 ms
08-Oct-2016 08:04:04.662 INFO [localhost-startStop-1] org.apache.catalina.startup.HostConfig.deployDirectory Déploiement du répertoire E:\aN3\bdd\tp4\tomcat8light\tomcat8\webapps\manager de l'application web
08-Oct-2016 08:04:04.936 INFO [localhost-startStop-1] org.apache.catalina.startup.HostConfig.deployDirectory Deployment of web application directory E:\aN3\bdd\tp4\tomcat8light\tomcat8\webapps\manager has finished in 274 ms
08-Oct-2016 08:04:04.938 INFO [localhost-startStop-1] org.apache.catalina.startup.HostConfig.deployDirectory Déploiement du répertoire E:\aN3\bdd\tp4\tomcat8light\tomcat8\webapps\host-manager de l'application web
08-Oct-2016 08:04:05.206 INFO [localhost-startStop-1] org.apache.catalina.startup.HostConfig.deployDirectory Deployment of web application directory E:\aN3\bdd\tp4\tomcat8light\tomcat8\webapps\host-manager has finished in 268 ms
08-Oct-2016 08:04:05.207 INFO [localhost-startStop-1] org.apache.catalina.startup.HostConfig.deployDirectory Déploiement du répertoire E:\aN3\bdd\tp4\tomcat8light\tomcat8\webapps\ROOT de l'application web
08-Oct-2016 08:04:05.397 INFO [localhost-startStop-1] org.apache.catalina.startup.HostConfig.deployDirectory Deployment of web application directory E:\aN3\bdd\tp4\tomcat8light\tomcat8\webapps\ROOT has finished in 190 ms
08-Oct-2016 08:04:05.403 INFO [main] org.apache.coyote.AbstractProtocol.start Starting ProtocolHandler ["http-nio-8080"]
08-Oct-2016 08:04:05.435 INFO [main] org.apache.coyote.AbstractProtocol.start Starting ProtocolHandler ["ajp-nio-8009"]
08-Oct-2016 08:04:05.437 INFO [main] org.apache.catalina.startup.Catalina.start Server startup in 4453 ms
08-Oct-2016 08:09:16.416 INFO [main] org.apache.catalina.core.AprLifecycleListener.init The APR based Apache Tomcat Native library which allows optimal performance in production environments was not found on the java.library.path: C:\Program Files\Java\jdk1.7.0_80\bin;C:\Windows\Sun\Java\bin;C:\Windows\system32;C:\Windows;C:\Program Files (x86)\Python35-32\Scripts\;C:\Program Files (x86)\Python35-32\;C:\Program Files\Tcl\bin;C:\Program Files\Python27\;C:\Program Files\Python27\Scripts;C:\Program Files\Perl64\site\bin;C:\Program Files\Perl64\bin;C:\Perl\site\bin;C:\Perl\bin;C:\Windows\system32;C:\Windows;C:\Windows\System32\Wbem;C:\Windows\System32\WindowsPowerShell\v1.0\;C:\Program Files (x86)\WinSCP\;C:\Program Files\Java\jdk1.7.0_80\bin;C:\Program Files (x86)\Symyx\Symyx Draw 3.3\lib;C:\Program Files (x86)\Common Files\MDL Shared\ISIS;.
08-Oct-2016 08:09:16.938 INFO [main] org.apache.coyote.AbstractProtocol.init Initializing ProtocolHandler ["http-nio-8080"]
08-Oct-2016 08:09:16.961 INFO [main] org.apache.tomcat.util.net.NioSelectorPool.getSharedSelector Using a shared selector for servlet write/read
08-Oct-2016 08:09:16.968 INFO [main] org.apache.coyote.AbstractProtocol.init Initializing ProtocolHandler ["ajp-nio-8009"]
08-Oct-2016 08:09:16.976 INFO [main] org.apache.tomcat.util.net.NioSelectorPool.getSharedSelector Using a shared selector for servlet write/read
08-Oct-2016 08:09:16.976 INFO [main] org.apache.catalina.startup.Catalina.load Initialization processed in 1193 ms
08-Oct-2016 08:09:17.036 INFO [main] org.apache.catalina.core.StandardService.startInternal Démarrage du service Catalina
08-Oct-2016 08:09:17.077 INFO [main] org.apache.catalina.core.StandardEngine.startInternal Starting Servlet Engine: Apache Tomcat/8.0.12
08-Oct-2016 08:09:17.125 INFO [localhost-startStop-1] org.apache.catalina.startup.HostConfig.deployDirectory Déploiement du répertoire E:\aN3\bdd\tp4\tomcat8light\tomcat8\webapps\vide de l'application web
08-Oct-2016 08:09:20.470 INFO [localhost-startStop-1] org.apache.catalina.startup.HostConfig.deployDirectory Deployment of web application directory E:\aN3\bdd\tp4\tomcat8light\tomcat8\webapps\vide has finished in 3 345 ms
08-Oct-2016 08:09:20.470 INFO [localhost-startStop-1] org.apache.catalina.startup.HostConfig.deployDirectory Déploiement du répertoire E:\aN3\bdd\tp4\tomcat8light\tomcat8\webapps\manager de l'application web
08-Oct-2016 08:09:20.741 INFO [localhost-startStop-1] org.apache.catalina.startup.HostConfig.deployDirectory Deployment of web application directory E:\aN3\bdd\tp4\tomcat8light\tomcat8\webapps\manager has finished in 271 ms
08-Oct-2016 08:09:20.741 INFO [localhost-startStop-1] org.apache.catalina.startup.HostConfig.deployDirectory Déploiement du répertoire E:\aN3\bdd\tp4\tomcat8light\tomcat8\webapps\host-manager de l'application web
08-Oct-2016 08:09:21.029 INFO [localhost-startStop-1] org.apache.catalina.startup.HostConfig.deployDirectory Deployment of web application directory E:\aN3\bdd\tp4\tomcat8light\tomcat8\webapps\host-manager has finished in 288 ms
08-Oct-2016 08:09:21.029 INFO [localhost-startStop-1] org.apache.catalina.startup.HostConfig.deployDirectory Déploiement du répertoire E:\aN3\bdd\tp4\tomcat8light\tomcat8\webapps\ROOT de l'application web
08-Oct-2016 08:09:21.225 INFO [localhost-startStop-1] org.apache.catalina.startup.HostConfig.deployDirectory Deployment of web application directory E:\aN3\bdd\tp4\tomcat8light\tomcat8\webapps\ROOT has finished in 196 ms
08-Oct-2016 08:09:21.240 INFO [main] org.apache.coyote.AbstractProtocol.start Starting ProtocolHandler ["http-nio-8080"]
08-Oct-2016 08:09:21.262 INFO [main] org.apache.coyote.AbstractProtocol.start Starting ProtocolHandler ["ajp-nio-8009"]
08-Oct-2016 08:09:21.262 INFO [main] org.apache.catalina.startup.Catalina.start Server startup in 4423 ms
08-Oct-2016 08:11:45.353 INFO [main] org.apache.catalina.core.AprLifecycleListener.init The APR based Apache Tomcat Native library which allows optimal performance in production environments was not found on the java.library.path: C:\Program Files\Java\jdk1.7.0_80\bin;C:\Windows\Sun\Java\bin;C:\Windows\system32;C:\Windows;C:\Program Files (x86)\Python35-32\Scripts\;C:\Program Files (x86)\Python35-32\;C:\Program Files\Tcl\bin;C:\Program Files\Python27\;C:\Program Files\Python27\Scripts;C:\Program Files\Perl64\site\bin;C:\Program Files\Perl64\bin;C:\Perl\site\bin;C:\Perl\bin;C:\Windows\system32;C:\Windows;C:\Windows\System32\Wbem;C:\Windows\System32\WindowsPowerShell\v1.0\;C:\Program Files (x86)\WinSCP\;C:\Program Files\Java\jdk1.7.0_80\bin;C:\Program Files (x86)\Symyx\Symyx Draw 3.3\lib;C:\Program Files (x86)\Common Files\MDL Shared\ISIS;.
08-Oct-2016 08:11:45.865 INFO [main] org.apache.coyote.AbstractProtocol.init Initializing ProtocolHandler ["http-nio-8080"]
08-Oct-2016 08:11:45.896 INFO [main] org.apache.tomcat.util.net.NioSelectorPool.getSharedSelector Using a shared selector for servlet write/read
08-Oct-2016 08:11:45.903 INFO [main] org.apache.coyote.AbstractProtocol.init Initializing ProtocolHandler ["ajp-nio-8009"]
08-Oct-2016 08:11:45.903 INFO [main] org.apache.tomcat.util.net.NioSelectorPool.getSharedSelector Using a shared selector for servlet write/read
08-Oct-2016 08:11:45.903 INFO [main] org.apache.catalina.startup.Catalina.load Initialization processed in 1168 ms
08-Oct-2016 08:11:45.973 INFO [main] org.apache.catalina.core.StandardService.startInternal Démarrage du service Catalina
08-Oct-2016 08:11:45.973 INFO [main] org.apache.catalina.core.StandardEngine.startInternal Starting Servlet Engine: Apache Tomcat/8.0.12
08-Oct-2016 08:11:46.019 INFO [localhost-startStop-1] org.apache.catalina.startup.HostConfig.deployDirectory Déploiement du répertoire E:\aN3\bdd\tp4\tomcat8light\tomcat8\webapps\vide de l'application web
08-Oct-2016 08:11:49.384 INFO [localhost-startStop-1] org.apache.catalina.startup.HostConfig.deployDirectory Deployment of web application directory E:\aN3\bdd\tp4\tomcat8light\tomcat8\webapps\vide has finished in 3 365 ms
08-Oct-2016 08:11:49.391 INFO [localhost-startStop-1] org.apache.catalina.startup.HostConfig.deployDirectory Déploiement du répertoire E:\aN3\bdd\tp4\tomcat8light\tomcat8\webapps\manager de l'application web
08-Oct-2016 08:11:49.677 INFO [localhost-startStop-1] org.apache.catalina.startup.HostConfig.deployDirectory Deployment of web application directory E:\aN3\bdd\tp4\tomcat8light\tomcat8\webapps\manager has finished in 286 ms
08-Oct-2016 08:11:49.677 INFO [localhost-startStop-1] org.apache.catalina.startup.HostConfig.deployDirectory Déploiement du répertoire E:\aN3\bdd\tp4\tomcat8light\tomcat8\webapps\host-manager de l'application web
08-Oct-2016 08:11:49.976 INFO [localhost-startStop-1] org.apache.catalina.startup.HostConfig.deployDirectory Deployment of web application directory E:\aN3\bdd\tp4\tomcat8light\tomcat8\webapps\host-manager has finished in 299 ms
08-Oct-2016 08:11:49.976 INFO [localhost-startStop-1] org.apache.catalina.startup.HostConfig.deployDirectory Déploiement du répertoire E:\aN3\bdd\tp4\tomcat8light\tomcat8\webapps\ROOT de l'application web
08-Oct-2016 08:11:50.169 INFO [localhost-startStop-1] org.apache.catalina.startup.HostConfig.deployDirectory Deployment of web application directory E:\aN3\bdd\tp4\tomcat8light\tomcat8\webapps\ROOT has finished in 193 ms
08-Oct-2016 08:11:50.185 INFO [main] org.apache.coyote.AbstractProtocol.start Starting ProtocolHandler ["http-nio-8080"]
08-Oct-2016 08:11:50.208 INFO [main] org.apache.coyote.AbstractProtocol.start Starting ProtocolHandler ["ajp-nio-8009"]
08-Oct-2016 08:11:50.208 INFO [main] org.apache.catalina.startup.Catalina.start Server startup in 4334 ms
08-Oct-2016 08:13:29.531 INFO [main] org.apache.catalina.core.AprLifecycleListener.init The APR based Apache Tomcat Native library which allows optimal performance in production environments was not found on the java.library.path: C:\Program Files\Java\jdk1.7.0_80\bin;C:\Windows\Sun\Java\bin;C:\Windows\system32;C:\Windows;C:\Program Files (x86)\Python35-32\Scripts\;C:\Program Files (x86)\Python35-32\;C:\Program Files\Tcl\bin;C:\Program Files\Python27\;C:\Program Files\Python27\Scripts;C:\Program Files\Perl64\site\bin;C:\Program Files\Perl64\bin;C:\Perl\site\bin;C:\Perl\bin;C:\Windows\system32;C:\Windows;C:\Windows\System32\Wbem;C:\Windows\System32\WindowsPowerShell\v1.0\;C:\Program Files (x86)\WinSCP\;C:\Program Files\Java\jdk1.7.0_80\bin;C:\Program Files (x86)\Symyx\Symyx Draw 3.3\lib;C:\Program Files (x86)\Common Files\MDL Shared\ISIS;.
08-Oct-2016 08:13:29.988 INFO [main] org.apache.coyote.AbstractProtocol.init Initializing ProtocolHandler ["http-nio-8080"]
08-Oct-2016 08:13:30.008 INFO [main] org.apache.tomcat.util.net.NioSelectorPool.getSharedSelector Using a shared selector for servlet write/read
08-Oct-2016 08:13:30.015 INFO [main] org.apache.coyote.AbstractProtocol.init Initializing ProtocolHandler ["ajp-nio-8009"]
08-Oct-2016 08:13:30.022 INFO [main] org.apache.tomcat.util.net.NioSelectorPool.getSharedSelector Using a shared selector for servlet write/read
08-Oct-2016 08:13:30.022 INFO [main] org.apache.catalina.startup.Catalina.load Initialization processed in 1186 ms
08-Oct-2016 08:13:30.075 INFO [main] org.apache.catalina.core.StandardService.startInternal Démarrage du service Catalina
08-Oct-2016 08:13:30.075 INFO [main] org.apache.catalina.core.StandardEngine.startInternal Starting Servlet Engine: Apache Tomcat/8.0.12
08-Oct-2016 08:13:30.115 INFO [localhost-startStop-1] org.apache.catalina.startup.HostConfig.deployDirectory Déploiement du répertoire E:\aN3\bdd\tp4\tomcat8light\tomcat8\webapps\vide de l'application web
08-Oct-2016 08:13:33.039 INFO [localhost-startStop-1] org.apache.catalina.startup.HostConfig.deployDirectory Deployment of web application directory E:\aN3\bdd\tp4\tomcat8light\tomcat8\webapps\vide has finished in 2 918 ms
08-Oct-2016 08:13:33.039 INFO [localhost-startStop-1] org.apache.catalina.startup.HostConfig.deployDirectory Déploiement du répertoire E:\aN3\bdd\tp4\tomcat8light\tomcat8\webapps\manager de l'application web
08-Oct-2016 08:13:33.253 INFO [localhost-startStop-1] org.apache.catalina.startup.HostConfig.deployDirectory Deployment of web application directory E:\aN3\bdd\tp4\tomcat8light\tomcat8\webapps\manager has finished in 214 ms
08-Oct-2016 08:13:33.260 INFO [localhost-startStop-1] org.apache.catalina.startup.HostConfig.deployDirectory Déploiement du répertoire E:\aN3\bdd\tp4\tomcat8light\tomcat8\webapps\host-manager de l'application web
08-Oct-2016 08:13:33.505 INFO [localhost-startStop-1] org.apache.catalina.startup.HostConfig.deployDirectory Deployment of web application directory E:\aN3\bdd\tp4\tomcat8light\tomcat8\webapps\host-manager has finished in 245 ms
08-Oct-2016 08:13:33.511 INFO [localhost-startStop-1] org.apache.catalina.startup.HostConfig.deployDirectory Déploiement du répertoire E:\aN3\bdd\tp4\tomcat8light\tomcat8\webapps\ROOT de l'application web
08-Oct-2016 08:13:33.672 INFO [localhost-startStop-1] org.apache.catalina.startup.HostConfig.deployDirectory Deployment of web application directory E:\aN3\bdd\tp4\tomcat8light\tomcat8\webapps\ROOT has finished in 161 ms
08-Oct-2016 08:13:33.692 INFO [main] org.apache.coyote.AbstractProtocol.start Starting ProtocolHandler ["http-nio-8080"]
08-Oct-2016 08:13:33.705 INFO [main] org.apache.coyote.AbstractProtocol.start Starting ProtocolHandler ["ajp-nio-8009"]
08-Oct-2016 08:13:33.712 INFO [main] org.apache.catalina.startup.Catalina.start Server startup in 4288 ms
08-Oct-2016 08:19:38.610 INFO [ContainerBackgroundProcessor[StandardEngine[Catalina]]] org.apache.catalina.core.StandardContext.reload Le rechargement du contexte [/vide] a démarré
08-Oct-2016 08:19:40.853 INFO [ContainerBackgroundProcessor[StandardEngine[Catalina]]] org.apache.catalina.core.StandardContext.reload Le rechargement de ce contexte est terminé
08-Oct-2016 08:21:11.562 INFO [ContainerBackgroundProcessor[StandardEngine[Catalina]]] org.apache.catalina.core.StandardContext.reload Le rechargement du contexte [/vide] a démarré
08-Oct-2016 08:21:13.988 INFO [ContainerBackgroundProcessor[StandardEngine[Catalina]]] org.apache.catalina.core.StandardContext.reload Le rechargement de ce contexte est terminé
08-Oct-2016 08:21:54.190 INFO [ContainerBackgroundProcessor[StandardEngine[Catalina]]] org.apache.catalina.core.StandardContext.reload Le rechargement du contexte [/vide] a démarré
08-Oct-2016 08:21:56.205 INFO [ContainerBackgroundProcessor[StandardEngine[Catalina]]] org.apache.catalina.core.StandardContext.reload Le rechargement de ce contexte est terminé
08-Oct-2016 08:22:16.325 INFO [ContainerBackgroundProcessor[StandardEngine[Catalina]]] org.apache.catalina.core.StandardContext.reload Le rechargement du contexte [/vide] a démarré
08-Oct-2016 08:22:16.916 INFO [ContainerBackgroundProcessor[StandardEngine[Catalina]]] org.apache.catalina.core.StandardContext.reload Le rechargement de ce contexte est terminé
08-Oct-2016 08:23:47.078 INFO [ContainerBackgroundProcessor[StandardEngine[Catalina]]] org.apache.catalina.core.StandardContext.reload Le rechargement du contexte [/vide] a démarré
08-Oct-2016 08:23:49.775 INFO [ContainerBackgroundProcessor[StandardEngine[Catalina]]] org.apache.catalina.core.StandardContext.reload Le rechargement de ce contexte est terminé
08-Oct-2016 08:27:00.575 INFO [ContainerBackgroundProcessor[StandardEngine[Catalina]]] org.apache.catalina.core.StandardContext.reload Le rechargement du contexte [/vide] a démarré
08-Oct-2016 08:27:02.849 INFO [ContainerBackgroundProcessor[StandardEngine[Catalina]]] org.apache.catalina.core.StandardContext.reload Le rechargement de ce contexte est terminé
08-Oct-2016 08:27:22.959 INFO [ContainerBackgroundProcessor[StandardEngine[Catalina]]] org.apache.catalina.core.StandardContext.reload Le rechargement du contexte [/vide] a démarré
08-Oct-2016 08:27:23.690 INFO [ContainerBackgroundProcessor[StandardEngine[Catalina]]] org.apache.catalina.core.StandardContext.reload Le rechargement de ce contexte est terminé
08-Oct-2016 08:35:56.946 INFO [ContainerBackgroundProcessor[StandardEngine[Catalina]]] org.apache.catalina.core.StandardContext.reload Le rechargement du contexte [/vide] a démarré
08-Oct-2016 08:35:59.142 INFO [ContainerBackgroundProcessor[StandardEngine[Catalina]]] org.apache.catalina.core.StandardContext.reload Le rechargement de ce contexte est terminé
08-Oct-2016 08:37:39.698 INFO [ContainerBackgroundProcessor[StandardEngine[Catalina]]] org.apache.catalina.core.StandardContext.reload Le rechargement du contexte [/vide] a démarré
08-Oct-2016 08:37:41.917 INFO [ContainerBackgroundProcessor[StandardEngine[Catalina]]] org.apache.catalina.core.StandardContext.reload Le rechargement de ce contexte est terminé
08-Oct-2016 08:37:51.655 INFO [ContainerBackgroundProcessor[StandardEngine[Catalina]]] org.apache.catalina.core.StandardContext.reload Le rechargement du contexte [/vide] a démarré
08-Oct-2016 08:37:52.099 INFO [ContainerBackgroundProcessor[StandardEngine[Catalina]]] org.apache.catalina.core.StandardContext.reload Le rechargement de ce contexte est terminé
08-Oct-2016 09:28:21.041 INFO [main] org.apache.catalina.core.AprLifecycleListener.init The APR based Apache Tomcat Native library which allows optimal performance in production environments was not found on the java.library.path: C:\Program Files\Java\jdk1.7.0_80\bin;C:\Windows\Sun\Java\bin;C:\Windows\system32;C:\Windows;C:\Program Files (x86)\Python35-32\Scripts\;C:\Program Files (x86)\Python35-32\;C:\Program Files\Tcl\bin;C:\Program Files\Python27\;C:\Program Files\Python27\Scripts;C:\Program Files\Perl64\site\bin;C:\Program Files\Perl64\bin;C:\Perl\site\bin;C:\Perl\bin;C:\Windows\system32;C:\Windows;C:\Windows\System32\Wbem;C:\Windows\System32\WindowsPowerShell\v1.0\;C:\Program Files (x86)\WinSCP\;C:\Program Files\Java\jdk1.7.0_80\bin;C:\Program Files (x86)\Symyx\Symyx Draw 3.3\lib;C:\Program Files (x86)\Common Files\MDL Shared\ISIS;.
08-Oct-2016 09:28:21.589 INFO [main] org.apache.coyote.AbstractProtocol.init Initializing ProtocolHandler ["http-nio-8080"]
08-Oct-2016 09:28:21.620 INFO [main] org.apache.tomcat.util.net.NioSelectorPool.getSharedSelector Using a shared selector for servlet write/read
08-Oct-2016 09:28:21.628 INFO [main] org.apache.coyote.AbstractProtocol.init Initializing ProtocolHandler ["ajp-nio-8009"]
08-Oct-2016 09:28:21.628 INFO [main] org.apache.tomcat.util.net.NioSelectorPool.getSharedSelector Using a shared selector for servlet write/read
08-Oct-2016 09:28:21.628 INFO [main] org.apache.catalina.startup.Catalina.load Initialization processed in 1245 ms
08-Oct-2016 09:28:21.714 INFO [main] org.apache.catalina.core.StandardService.startInternal Démarrage du service Catalina
08-Oct-2016 09:28:21.714 INFO [main] org.apache.catalina.core.StandardEngine.startInternal Starting Servlet Engine: Apache Tomcat/8.0.12
08-Oct-2016 09:28:21.769 INFO [localhost-startStop-1] org.apache.catalina.startup.HostConfig.deployDirectory Déploiement du répertoire E:\aN3\bdd\tp4\tomcat8light\tomcat8\webapps\vide de l'application web
08-Oct-2016 09:28:25.189 INFO [localhost-startStop-1] org.apache.catalina.startup.HostConfig.deployDirectory Deployment of web application directory E:\aN3\bdd\tp4\tomcat8light\tomcat8\webapps\vide has finished in 3 420 ms
08-Oct-2016 09:28:25.189 INFO [localhost-startStop-1] org.apache.catalina.startup.HostConfig.deployDirectory Déploiement du répertoire E:\aN3\bdd\tp4\tomcat8light\tomcat8\webapps\manager de l'application web
08-Oct-2016 09:28:26.007 INFO [localhost-startStop-1] org.apache.catalina.startup.HostConfig.deployDirectory Deployment of web application directory E:\aN3\bdd\tp4\tomcat8light\tomcat8\webapps\manager has finished in 818 ms
08-Oct-2016 09:28:26.015 INFO [localhost-startStop-1] org.apache.catalina.startup.HostConfig.deployDirectory Déploiement du répertoire E:\aN3\bdd\tp4\tomcat8light\tomcat8\webapps\host-manager de l'application web
08-Oct-2016 09:28:26.301 INFO [localhost-startStop-1] org.apache.catalina.startup.HostConfig.deployDirectory Deployment of web application directory E:\aN3\bdd\tp4\tomcat8light\tomcat8\webapps\host-manager has finished in 278 ms
08-Oct-2016 09:28:26.301 INFO [localhost-startStop-1] org.apache.catalina.startup.HostConfig.deployDirectory Déploiement du répertoire E:\aN3\bdd\tp4\tomcat8light\tomcat8\webapps\ROOT de l'application web
08-Oct-2016 09:28:26.504 INFO [localhost-startStop-1] org.apache.catalina.startup.HostConfig.deployDirectory Deployment of web application directory E:\aN3\bdd\tp4\tomcat8light\tomcat8\webapps\ROOT has finished in 203 ms
08-Oct-2016 09:28:26.512 INFO [main] org.apache.coyote.AbstractProtocol.start Starting ProtocolHandler ["http-nio-8080"]
08-Oct-2016 09:28:26.543 INFO [main] org.apache.coyote.AbstractProtocol.start Starting ProtocolHandler ["ajp-nio-8009"]
08-Oct-2016 09:28:26.543 INFO [main] org.apache.catalina.startup.Catalina.start Server startup in 4889 ms
08-Oct-2016 09:28:36.595 INFO [ContainerBackgroundProcessor[StandardEngine[Catalina]]] org.apache.catalina.core.StandardContext.reload Le rechargement du contexte [/vide] a démarré
08-Oct-2016 09:28:37.157 INFO [ContainerBackgroundProcessor[StandardEngine[Catalina]]] org.apache.catalina.core.StandardContext.reload Le rechargement de ce contexte est terminé
08-Oct-2016 09:33:18.615 INFO [ContainerBackgroundProcessor[StandardEngine[Catalina]]] org.apache.catalina.core.StandardContext.reload Le rechargement du contexte [/vide] a démarré
08-Oct-2016 09:33:20.928 INFO [ContainerBackgroundProcessor[StandardEngine[Catalina]]] org.apache.catalina.core.StandardContext.reload Le rechargement de ce contexte est terminé
08-Oct-2016 09:34:00.888 INFO [ContainerBackgroundProcessor[StandardEngine[Catalina]]] org.apache.catalina.core.StandardContext.reload Le rechargement du contexte [/vide] a démarré
08-Oct-2016 09:34:02.973 INFO [ContainerBackgroundProcessor[StandardEngine[Catalina]]] org.apache.catalina.core.StandardContext.reload Le rechargement de ce contexte est terminé
08-Oct-2016 10:06:35.526 INFO [main] org.apache.catalina.core.AprLifecycleListener.init The APR based Apache Tomcat Native library which allows optimal performance in production environments was not found on the java.library.path: C:\Program Files\Java\jdk1.7.0_80\bin;C:\Windows\Sun\Java\bin;C:\Windows\system32;C:\Windows;C:\Program Files (x86)\Python35-32\Scripts\;C:\Program Files (x86)\Python35-32\;C:\Program Files\Tcl\bin;C:\Program Files\Python27\;C:\Program Files\Python27\Scripts;C:\Program Files\Perl64\site\bin;C:\Program Files\Perl64\bin;C:\Perl\site\bin;C:\Perl\bin;C:\Windows\system32;C:\Windows;C:\Windows\System32\Wbem;C:\Windows\System32\WindowsPowerShell\v1.0\;C:\Program Files (x86)\WinSCP\;C:\Program Files\Java\jdk1.7.0_80\bin;C:\Program Files (x86)\Symyx\Symyx Draw 3.3\lib;C:\Program Files (x86)\Common Files\MDL Shared\ISIS;.
08-Oct-2016 10:06:36.093 INFO [main] org.apache.coyote.AbstractProtocol.init Initializing ProtocolHandler ["http-nio-8080"]
08-Oct-2016 10:06:36.124 INFO [main] org.apache.tomcat.util.net.NioSelectorPool.getSharedSelector Using a shared selector for servlet write/read
08-Oct-2016 10:06:36.132 INFO [main] org.apache.coyote.AbstractProtocol.init Initializing ProtocolHandler ["ajp-nio-8009"]
08-Oct-2016 10:06:36.140 INFO [main] org.apache.tomcat.util.net.NioSelectorPool.getSharedSelector Using a shared selector for servlet write/read
08-Oct-2016 10:06:36.140 INFO [main] org.apache.catalina.startup.Catalina.load Initialization processed in 1270 ms
08-Oct-2016 10:06:36.210 INFO [main] org.apache.catalina.core.StandardService.startInternal Démarrage du service Catalina
08-Oct-2016 10:06:36.210 INFO [main] org.apache.catalina.core.StandardEngine.startInternal Starting Servlet Engine: Apache Tomcat/8.0.12
08-Oct-2016 10:06:36.265 INFO [localhost-startStop-1] org.apache.catalina.startup.HostConfig.deployDirectory Déploiement du répertoire E:\aN3\bdd\tp4\tomcat8light\tomcat8\webapps\vide de l'application web
08-Oct-2016 10:06:39.847 INFO [localhost-startStop-1] org.apache.catalina.startup.HostConfig.deployDirectory Deployment of web application directory E:\aN3\bdd\tp4\tomcat8light\tomcat8\webapps\vide has finished in 3 582 ms
08-Oct-2016 10:06:39.847 INFO [localhost-startStop-1] org.apache.catalina.startup.HostConfig.deployDirectory Déploiement du répertoire E:\aN3\bdd\tp4\tomcat8light\tomcat8\webapps\manager de l'application web
08-Oct-2016 10:06:40.123 INFO [localhost-startStop-1] org.apache.catalina.startup.HostConfig.deployDirectory Deployment of web application directory E:\aN3\bdd\tp4\tomcat8light\tomcat8\webapps\manager has finished in 276 ms
08-Oct-2016 10:06:40.123 INFO [localhost-startStop-1] org.apache.catalina.startup.HostConfig.deployDirectory Déploiement du répertoire E:\aN3\bdd\tp4\tomcat8light\tomcat8\webapps\host-manager de l'application web
08-Oct-2016 10:06:40.403 INFO [localhost-startStop-1] org.apache.catalina.startup.HostConfig.deployDirectory Deployment of web application directory E:\aN3\bdd\tp4\tomcat8light\tomcat8\webapps\host-manager has finished in 280 ms
08-Oct-2016 10:06:40.403 INFO [localhost-startStop-1] org.apache.catalina.startup.HostConfig.deployDirectory Déploiement du répertoire E:\aN3\bdd\tp4\tomcat8light\tomcat8\webapps\ROOT de l'application web
08-Oct-2016 10:06:40.616 INFO [localhost-startStop-1] org.apache.catalina.startup.HostConfig.deployDirectory Deployment of web application directory E:\aN3\bdd\tp4\tomcat8light\tomcat8\webapps\ROOT has finished in 213 ms
08-Oct-2016 10:06:40.630 INFO [main] org.apache.coyote.AbstractProtocol.start Starting ProtocolHandler ["http-nio-8080"]
08-Oct-2016 10:06:40.658 INFO [main] org.apache.coyote.AbstractProtocol.start Starting ProtocolHandler ["ajp-nio-8009"]
08-Oct-2016 10:06:40.658 INFO [main] org.apache.catalina.startup.Catalina.start Server startup in 4875 ms
08-Oct-2016 10:06:50.046 INFO [ContainerBackgroundProcessor[StandardEngine[Catalina]]] org.apache.catalina.core.StandardContext.reload Le rechargement du contexte [/vide] a démarré
08-Oct-2016 10:06:50.913 INFO [ContainerBackgroundProcessor[StandardEngine[Catalina]]] org.apache.catalina.core.StandardContext.reload Le rechargement de ce contexte est terminé
08-Oct-2016 10:07:11.782 INFO [ContainerBackgroundProcessor[StandardEngine[Catalina]]] org.apache.catalina.core.StandardContext.reload Le rechargement du contexte [/vide] a démarré
08-Oct-2016 10:07:13.989 INFO [ContainerBackgroundProcessor[StandardEngine[Catalina]]] org.apache.catalina.core.StandardContext.reload Le rechargement de ce contexte est terminé
08-Oct-2016 10:07:23.987 INFO [ContainerBackgroundProcessor[StandardEngine[Catalina]]] org.apache.catalina.core.StandardContext.reload Le rechargement du contexte [/vide] a démarré
08-Oct-2016 10:07:24.595 INFO [ContainerBackgroundProcessor[StandardEngine[Catalina]]] org.apache.catalina.core.StandardContext.reload Le rechargement de ce contexte est terminé
08-Oct-2016 10:08:45.252 INFO [ContainerBackgroundProcessor[StandardEngine[Catalina]]] org.apache.catalina.core.StandardContext.reload Le rechargement du contexte [/vide] a démarré
08-Oct-2016 10:08:47.506 INFO [ContainerBackgroundProcessor[StandardEngine[Catalina]]] org.apache.catalina.core.StandardContext.reload Le rechargement de ce contexte est terminé
08-Oct-2016 10:12:38.501 INFO [ContainerBackgroundProcessor[StandardEngine[Catalina]]] org.apache.catalina.core.StandardContext.reload Le rechargement du contexte [/vide] a démarré
08-Oct-2016 10:12:40.900 INFO [ContainerBackgroundProcessor[StandardEngine[Catalina]]] org.apache.catalina.core.StandardContext.reload Le rechargement de ce contexte est terminé
08-Oct-2016 10:13:00.907 INFO [ContainerBackgroundProcessor[StandardEngine[Catalina]]] org.apache.catalina.core.StandardContext.reload Le rechargement du contexte [/vide] a démarré
08-Oct-2016 10:13:01.576 INFO [ContainerBackgroundProcessor[StandardEngine[Catalina]]] org.apache.catalina.core.StandardContext.reload Le rechargement de ce contexte est terminé
08-Oct-2016 10:13:31.915 INFO [ContainerBackgroundProcessor[StandardEngine[Catalina]]] org.apache.catalina.core.StandardContext.reload Le rechargement du contexte [/vide] a démarré
08-Oct-2016 10:13:34.221 INFO [ContainerBackgroundProcessor[StandardEngine[Catalina]]] org.apache.catalina.core.StandardContext.reload Le rechargement de ce contexte est terminé
08-Oct-2016 10:14:24.619 INFO [ContainerBackgroundProcessor[StandardEngine[Catalina]]] org.apache.catalina.core.StandardContext.reload Le rechargement du contexte [/vide] a démarré
08-Oct-2016 10:14:26.666 INFO [ContainerBackgroundProcessor[StandardEngine[Catalina]]] org.apache.catalina.core.StandardContext.reload Le rechargement de ce contexte est terminé
08-Oct-2016 10:17:46.279 INFO [ContainerBackgroundProcessor[StandardEngine[Catalina]]] org.apache.catalina.core.StandardContext.reload Le rechargement du contexte [/vide] a démarré
08-Oct-2016 10:17:49.614 INFO [ContainerBackgroundProcessor[StandardEngine[Catalina]]] org.apache.catalina.core.StandardContext.reload Le rechargement de ce contexte est terminé
08-Oct-2016 10:22:11.005 INFO [ContainerBackgroundProcessor[StandardEngine[Catalina]]] org.apache.catalina.core.StandardContext.reload Le rechargement du contexte [/vide] a démarré
08-Oct-2016 10:22:13.451 INFO [ContainerBackgroundProcessor[StandardEngine[Catalina]]] org.apache.catalina.core.StandardContext.reload Le rechargement de ce contexte est terminé
08-Oct-2016 10:23:43.941 INFO [ContainerBackgroundProcessor[StandardEngine[Catalina]]] org.apache.catalina.core.StandardContext.reload Le rechargement du contexte [/vide] a démarré
08-Oct-2016 10:23:46.288 INFO [ContainerBackgroundProcessor[StandardEngine[Catalina]]] org.apache.catalina.core.StandardContext.reload Le rechargement de ce contexte est terminé
08-Oct-2016 10:26:07.147 INFO [ContainerBackgroundProcessor[StandardEngine[Catalina]]] org.apache.catalina.core.StandardContext.reload Le rechargement du contexte [/vide] a démarré
08-Oct-2016 10:26:09.466 INFO [ContainerBackgroundProcessor[StandardEngine[Catalina]]] org.apache.catalina.core.StandardContext.reload Le rechargement de ce contexte est terminé
08-Oct-2016 10:26:59.769 INFO [ContainerBackgroundProcessor[StandardEngine[Catalina]]] org.apache.catalina.core.StandardContext.reload Le rechargement du contexte [/vide] a démarré
08-Oct-2016 10:27:01.904 INFO [ContainerBackgroundProcessor[StandardEngine[Catalina]]] org.apache.catalina.core.StandardContext.reload Le rechargement de ce contexte est terminé
08-Oct-2016 10:27:42.134 INFO [ContainerBackgroundProcessor[StandardEngine[Catalina]]] org.apache.catalina.core.StandardContext.reload Le rechargement du contexte [/vide] a démarré
08-Oct-2016 10:27:44.320 INFO [ContainerBackgroundProcessor[StandardEngine[Catalina]]] org.apache.catalina.core.StandardContext.reload Le rechargement de ce contexte est terminé
08-Oct-2016 10:28:54.508 INFO [ContainerBackgroundProcessor[StandardEngine[Catalina]]] org.apache.catalina.core.StandardContext.reload Le rechargement du contexte [/vide] a démarré
08-Oct-2016 10:28:56.663 INFO [ContainerBackgroundProcessor[StandardEngine[Catalina]]] org.apache.catalina.core.StandardContext.reload Le rechargement de ce contexte est terminé
08-Oct-2016 10:48:12.796 INFO [ContainerBackgroundProcessor[StandardEngine[Catalina]]] org.apache.catalina.core.StandardContext.reload Le rechargement du contexte [/vide] a démarré
08-Oct-2016 10:48:15.078 INFO [ContainerBackgroundProcessor[StandardEngine[Catalina]]] org.apache.catalina.core.StandardContext.reload Le rechargement de ce contexte est terminé
08-Oct-2016 10:50:35.446 INFO [ContainerBackgroundProcessor[StandardEngine[Catalina]]] org.apache.catalina.core.StandardContext.reload Le rechargement du contexte [/vide] a démarré
08-Oct-2016 10:50:37.680 INFO [ContainerBackgroundProcessor[StandardEngine[Catalina]]] org.apache.catalina.core.StandardContext.reload Le rechargement de ce contexte est terminé
08-Oct-2016 10:51:48.078 INFO [ContainerBackgroundProcessor[StandardEngine[Catalina]]] org.apache.catalina.core.StandardContext.reload Le rechargement du contexte [/vide] a démarré
08-Oct-2016 10:51:50.507 INFO [ContainerBackgroundProcessor[StandardEngine[Catalina]]] org.apache.catalina.core.StandardContext.reload Le rechargement de ce contexte est terminé
08-Oct-2016 10:53:00.905 INFO [ContainerBackgroundProcessor[StandardEngine[Catalina]]] org.apache.catalina.core.StandardContext.reload Le rechargement du contexte [/vide] a démarré
08-Oct-2016 10:53:03.053 INFO [ContainerBackgroundProcessor[StandardEngine[Catalina]]] org.apache.catalina.core.StandardContext.reload Le rechargement de ce contexte est terminé
08-Oct-2016 10:55:54.012 INFO [ContainerBackgroundProcessor[StandardEngine[Catalina]]] org.apache.catalina.core.StandardContext.reload Le rechargement du contexte [/vide] a démarré
08-Oct-2016 10:55:56.356 INFO [ContainerBackgroundProcessor[StandardEngine[Catalina]]] org.apache.catalina.core.StandardContext.reload Le rechargement de ce contexte est terminé
08-Oct-2016 10:57:56.845 INFO [ContainerBackgroundProcessor[StandardEngine[Catalina]]] org.apache.catalina.core.StandardContext.reload Le rechargement du contexte [/vide] a démarré
08-Oct-2016 10:58:00.658 INFO [ContainerBackgroundProcessor[StandardEngine[Catalina]]] org.apache.catalina.core.StandardContext.reload Le rechargement de ce contexte est terminé
08-Oct-2016 10:58:50.966 INFO [ContainerBackgroundProcessor[StandardEngine[Catalina]]] org.apache.catalina.core.StandardContext.reload Le rechargement du contexte [/vide] a démarré
08-Oct-2016 10:58:53.084 INFO [ContainerBackgroundProcessor[StandardEngine[Catalina]]] org.apache.catalina.core.StandardContext.reload Le rechargement de ce contexte est terminé
08-Oct-2016 10:59:23.260 INFO [ContainerBackgroundProcessor[StandardEngine[Catalina]]] org.apache.catalina.core.StandardContext.reload Le rechargement du contexte [/vide] a démarré
08-Oct-2016 10:59:25.643 INFO [ContainerBackgroundProcessor[StandardEngine[Catalina]]] org.apache.catalina.core.StandardContext.reload Le rechargement de ce contexte est terminé
08-Oct-2016 10:59:55.015 INFO [ContainerBackgroundProcessor[StandardEngine[Catalina]]] org.apache.catalina.core.StandardContext.reload Le rechargement du contexte [/vide] a démarré
08-Oct-2016 10:59:57.743 INFO [ContainerBackgroundProcessor[StandardEngine[Catalina]]] org.apache.catalina.core.StandardContext.reload Le rechargement de ce contexte est terminé
08-Oct-2016 11:10:21.405 INFO [ContainerBackgroundProcessor[StandardEngine[Catalina]]] org.apache.catalina.core.StandardContext.reload Le rechargement du contexte [/vide] a démarré
08-Oct-2016 11:10:23.796 INFO [ContainerBackgroundProcessor[StandardEngine[Catalina]]] org.apache.catalina.core.StandardContext.reload Le rechargement de ce contexte est terminé
08-Oct-2016 11:11:23.100 INFO [ContainerBackgroundProcessor[StandardEngine[Catalina]]] org.apache.catalina.core.StandardContext.reload Le rechargement du contexte [/vide] a démarré
08-Oct-2016 11:11:25.495 INFO [ContainerBackgroundProcessor[StandardEngine[Catalina]]] org.apache.catalina.core.StandardContext.reload Le rechargement de ce contexte est terminé
08-Oct-2016 11:11:46.354 INFO [ContainerBackgroundProcessor[StandardEngine[Catalina]]] org.apache.catalina.core.StandardContext.reload Le rechargement du contexte [/vide] a démarré
08-Oct-2016 11:11:46.844 INFO [ContainerBackgroundProcessor[StandardEngine[Catalina]]] org.apache.catalina.core.StandardContext.reload Le rechargement de ce contexte est terminé
08-Oct-2016 11:12:06.840 INFO [ContainerBackgroundProcessor[StandardEngine[Catalina]]] org.apache.catalina.core.StandardContext.reload Le rechargement du contexte [/vide] a démarré
08-Oct-2016 11:12:08.981 INFO [ContainerBackgroundProcessor[StandardEngine[Catalina]]] org.apache.catalina.core.StandardContext.reload Le rechargement de ce contexte est terminé
08-Oct-2016 11:12:59.266 INFO [ContainerBackgroundProcessor[StandardEngine[Catalina]]] org.apache.catalina.core.StandardContext.reload Le rechargement du contexte [/vide] a démarré
08-Oct-2016 11:13:01.337 INFO [ContainerBackgroundProcessor[StandardEngine[Catalina]]] org.apache.catalina.core.StandardContext.reload Le rechargement de ce contexte est terminé
08-Oct-2016 11:13:30.564 INFO [ContainerBackgroundProcessor[StandardEngine[Catalina]]] org.apache.catalina.core.StandardContext.reload Le rechargement du contexte [/vide] a démarré
08-Oct-2016 11:13:32.496 INFO [ContainerBackgroundProcessor[StandardEngine[Catalina]]] org.apache.catalina.core.StandardContext.reload Le rechargement de ce contexte est terminé
08-Oct-2016 11:14:03.285 INFO [ContainerBackgroundProcessor[StandardEngine[Catalina]]] org.apache.catalina.core.StandardContext.reload Le rechargement du contexte [/vide] a démarré
08-Oct-2016 11:14:05.308 INFO [ContainerBackgroundProcessor[StandardEngine[Catalina]]] org.apache.catalina.core.StandardContext.reload Le rechargement de ce contexte est terminé
08-Oct-2016 11:14:25.408 INFO [ContainerBackgroundProcessor[StandardEngine[Catalina]]] org.apache.catalina.core.StandardContext.reload Le rechargement du contexte [/vide] a démarré
08-Oct-2016 11:14:25.932 INFO [ContainerBackgroundProcessor[StandardEngine[Catalina]]] org.apache.catalina.core.StandardContext.reload Le rechargement de ce contexte est terminé
08-Oct-2016 11:15:06.180 INFO [ContainerBackgroundProcessor[StandardEngine[Catalina]]] org.apache.catalina.core.StandardContext.reload Le rechargement du contexte [/vide] a démarré
08-Oct-2016 11:15:08.359 INFO [ContainerBackgroundProcessor[StandardEngine[Catalina]]] org.apache.catalina.core.StandardContext.reload Le rechargement de ce contexte est terminé
08-Oct-2016 11:15:18.403 INFO [ContainerBackgroundProcessor[StandardEngine[Catalina]]] org.apache.catalina.core.StandardContext.reload Le rechargement du contexte [/vide] a démarré
08-Oct-2016 11:15:19.522 INFO [ContainerBackgroundProcessor[StandardEngine[Catalina]]] org.apache.catalina.core.StandardContext.reload Le rechargement de ce contexte est terminé
08-Oct-2016 11:18:19.261 INFO [ContainerBackgroundProcessor[StandardEngine[Catalina]]] org.apache.catalina.core.StandardContext.reload Le rechargement du contexte [/vide] a démarré
08-Oct-2016 11:18:21.579 INFO [ContainerBackgroundProcessor[StandardEngine[Catalina]]] org.apache.catalina.core.StandardContext.reload Le rechargement de ce contexte est terminé
08-Oct-2016 11:19:32.585 INFO [ContainerBackgroundProcessor[StandardEngine[Catalina]]] org.apache.catalina.core.StandardContext.reload Le rechargement du contexte [/vide] a démarré
08-Oct-2016 11:19:36.020 INFO [ContainerBackgroundProcessor[StandardEngine[Catalina]]] org.apache.catalina.core.StandardContext.reload Le rechargement de ce contexte est terminé
08-Oct-2016 11:22:06.883 INFO [ContainerBackgroundProcessor[StandardEngine[Catalina]]] org.apache.catalina.core.StandardContext.reload Le rechargement du contexte [/vide] a démarré
08-Oct-2016 11:22:09.211 INFO [ContainerBackgroundProcessor[StandardEngine[Catalina]]] org.apache.catalina.core.StandardContext.reload Le rechargement de ce contexte est terminé
08-Oct-2016 11:23:29.647 INFO [ContainerBackgroundProcessor[StandardEngine[Catalina]]] org.apache.catalina.core.StandardContext.reload Le rechargement du contexte [/vide] a démarré
08-Oct-2016 11:23:31.871 INFO [ContainerBackgroundProcessor[StandardEngine[Catalina]]] org.apache.catalina.core.StandardContext.reload Le rechargement de ce contexte est terminé
08-Oct-2016 11:24:32.344 INFO [ContainerBackgroundProcessor[StandardEngine[Catalina]]] org.apache.catalina.core.StandardContext.reload Le rechargement du contexte [/vide] a démarré
08-Oct-2016 11:24:34.460 INFO [ContainerBackgroundProcessor[StandardEngine[Catalina]]] org.apache.catalina.core.StandardContext.reload Le rechargement de ce contexte est terminé
08-Oct-2016 11:26:15.001 INFO [ContainerBackgroundProcessor[StandardEngine[Catalina]]] org.apache.catalina.core.StandardContext.reload Le rechargement du contexte [/vide] a démarré
08-Oct-2016 11:26:17.448 INFO [ContainerBackgroundProcessor[StandardEngine[Catalina]]] org.apache.catalina.core.StandardContext.reload Le rechargement de ce contexte est terminé
08-Oct-2016 11:27:57.995 INFO [ContainerBackgroundProcessor[StandardEngine[Catalina]]] org.apache.catalina.core.StandardContext.reload Le rechargement du contexte [/vide] a démarré
08-Oct-2016 11:28:00.233 INFO [ContainerBackgroundProcessor[StandardEngine[Catalina]]] org.apache.catalina.core.StandardContext.reload Le rechargement de ce contexte est terminé
08-Oct-2016 11:28:40.453 INFO [ContainerBackgroundProcessor[StandardEngine[Catalina]]] org.apache.catalina.core.StandardContext.reload Le rechargement du contexte [/vide] a démarré
08-Oct-2016 11:28:42.432 INFO [ContainerBackgroundProcessor[StandardEngine[Catalina]]] org.apache.catalina.core.StandardContext.reload Le rechargement de ce contexte est terminé
08-Oct-2016 11:28:52.476 INFO [ContainerBackgroundProcessor[StandardEngine[Catalina]]] org.apache.catalina.core.StandardContext.reload Le rechargement du contexte [/vide] a démarré
08-Oct-2016 11:28:53.086 INFO [ContainerBackgroundProcessor[StandardEngine[Catalina]]] org.apache.catalina.core.StandardContext.reload Le rechargement de ce contexte est terminé
08-Oct-2016 11:29:23.404 INFO [ContainerBackgroundProcessor[StandardEngine[Catalina]]] org.apache.catalina.core.StandardContext.reload Le rechargement du contexte [/vide] a démarré
08-Oct-2016 11:29:25.475 INFO [ContainerBackgroundProcessor[StandardEngine[Catalina]]] org.apache.catalina.core.StandardContext.reload Le rechargement de ce contexte est terminé
