07-Dec-2016 11:37:29.680 INFO [main] org.apache.catalina.core.AprLifecycleListener.init The APR based Apache Tomcat Native library which allows optimal performance in production environments was not found on the java.library.path: /usr/java/packages/lib/amd64:/usr/lib64:/lib64:/lib:/usr/lib
07-Dec-2016 11:37:29.851 INFO [main] org.apache.coyote.AbstractProtocol.init Initializing ProtocolHandler ["http-nio-8080"]
07-Dec-2016 11:37:29.862 INFO [main] org.apache.tomcat.util.net.NioSelectorPool.getSharedSelector Using a shared selector for servlet write/read
07-Dec-2016 11:37:29.864 INFO [main] org.apache.coyote.AbstractProtocol.init Initializing ProtocolHandler ["ajp-nio-8009"]
07-Dec-2016 11:37:29.865 INFO [main] org.apache.tomcat.util.net.NioSelectorPool.getSharedSelector Using a shared selector for servlet write/read
07-Dec-2016 11:37:29.866 INFO [main] org.apache.catalina.startup.Catalina.load Initialization processed in 478 ms
07-Dec-2016 11:37:29.896 INFO [main] org.apache.catalina.core.StandardService.startInternal Démarrage du service Catalina
07-Dec-2016 11:37:29.896 INFO [main] org.apache.catalina.core.StandardEngine.startInternal Starting Servlet Engine: Apache Tomcat/8.0.12
07-Dec-2016 11:37:29.917 INFO [localhost-startStop-1] org.apache.catalina.startup.HostConfig.deployDirectory Déploiement du répertoire /home/infoetu/delecaum/aN3/bdd/tomcat8light/tomcat8/webapps/vide de l'application web
07-Dec-2016 11:37:30.520 INFO [localhost-startStop-1] org.apache.jasper.servlet.TldScanner.scanJars At least one JAR was scanned for TLDs yet contained no TLDs. Enable debug logging for this logger for a complete list of JARs that were scanned but no TLDs were found in them. Skipping unneeded JARs during scanning can improve startup time and JSP compilation time.
07-Dec-2016 11:37:30.588 INFO [localhost-startStop-1] org.apache.catalina.startup.HostConfig.deployDirectory Deployment of web application directory /home/infoetu/delecaum/aN3/bdd/tomcat8light/tomcat8/webapps/vide has finished in 670 ms
07-Dec-2016 11:37:30.589 INFO [localhost-startStop-1] org.apache.catalina.startup.HostConfig.deployDirectory Déploiement du répertoire /home/infoetu/delecaum/aN3/bdd/tomcat8light/tomcat8/webapps/manager de l'application web
07-Dec-2016 11:37:30.707 INFO [localhost-startStop-1] org.apache.jasper.servlet.TldScanner.scanJars At least one JAR was scanned for TLDs yet contained no TLDs. Enable debug logging for this logger for a complete list of JARs that were scanned but no TLDs were found in them. Skipping unneeded JARs during scanning can improve startup time and JSP compilation time.
07-Dec-2016 11:37:30.716 INFO [localhost-startStop-1] org.apache.catalina.startup.HostConfig.deployDirectory Deployment of web application directory /home/infoetu/delecaum/aN3/bdd/tomcat8light/tomcat8/webapps/manager has finished in 126 ms
07-Dec-2016 11:37:30.716 INFO [localhost-startStop-1] org.apache.catalina.startup.HostConfig.deployDirectory Déploiement du répertoire /home/infoetu/delecaum/aN3/bdd/tomcat8light/tomcat8/webapps/bin de l'application web
07-Dec-2016 11:37:30.777 INFO [localhost-startStop-1] org.apache.jasper.servlet.TldScanner.scanJars At least one JAR was scanned for TLDs yet contained no TLDs. Enable debug logging for this logger for a complete list of JARs that were scanned but no TLDs were found in them. Skipping unneeded JARs during scanning can improve startup time and JSP compilation time.
07-Dec-2016 11:37:30.780 INFO [localhost-startStop-1] org.apache.catalina.startup.HostConfig.deployDirectory Deployment of web application directory /home/infoetu/delecaum/aN3/bdd/tomcat8light/tomcat8/webapps/bin has finished in 64 ms
07-Dec-2016 11:37:30.780 INFO [localhost-startStop-1] org.apache.catalina.startup.HostConfig.deployDirectory Déploiement du répertoire /home/infoetu/delecaum/aN3/bdd/tomcat8light/tomcat8/webapps/WebTP10 de l'application web
07-Dec-2016 11:37:30.895 INFO [localhost-startStop-1] org.apache.jasper.servlet.TldScanner.scanJars At least one JAR was scanned for TLDs yet contained no TLDs. Enable debug logging for this logger for a complete list of JARs that were scanned but no TLDs were found in them. Skipping unneeded JARs during scanning can improve startup time and JSP compilation time.
07-Dec-2016 11:37:30.898 INFO [localhost-startStop-1] org.apache.catalina.startup.HostConfig.deployDirectory Deployment of web application directory /home/infoetu/delecaum/aN3/bdd/tomcat8light/tomcat8/webapps/WebTP10 has finished in 118 ms
07-Dec-2016 11:37:30.898 INFO [localhost-startStop-1] org.apache.catalina.startup.HostConfig.deployDirectory Déploiement du répertoire /home/infoetu/delecaum/aN3/bdd/tomcat8light/tomcat8/webapps/host-manager de l'application web
07-Dec-2016 11:37:30.978 INFO [localhost-startStop-1] org.apache.jasper.servlet.TldScanner.scanJars At least one JAR was scanned for TLDs yet contained no TLDs. Enable debug logging for this logger for a complete list of JARs that were scanned but no TLDs were found in them. Skipping unneeded JARs during scanning can improve startup time and JSP compilation time.
07-Dec-2016 11:37:30.981 INFO [localhost-startStop-1] org.apache.catalina.startup.HostConfig.deployDirectory Deployment of web application directory /home/infoetu/delecaum/aN3/bdd/tomcat8light/tomcat8/webapps/host-manager has finished in 83 ms
07-Dec-2016 11:37:30.981 INFO [localhost-startStop-1] org.apache.catalina.startup.HostConfig.deployDirectory Déploiement du répertoire /home/infoetu/delecaum/aN3/bdd/tomcat8light/tomcat8/webapps/tp5 de l'application web
07-Dec-2016 11:37:31.665 INFO [localhost-startStop-1] org.apache.jasper.servlet.TldScanner.scanJars At least one JAR was scanned for TLDs yet contained no TLDs. Enable debug logging for this logger for a complete list of JARs that were scanned but no TLDs were found in them. Skipping unneeded JARs during scanning can improve startup time and JSP compilation time.
07-Dec-2016 11:37:31.667 INFO [localhost-startStop-1] org.apache.catalina.startup.HostConfig.deployDirectory Deployment of web application directory /home/infoetu/delecaum/aN3/bdd/tomcat8light/tomcat8/webapps/tp5 has finished in 686 ms
07-Dec-2016 11:37:31.667 INFO [localhost-startStop-1] org.apache.catalina.startup.HostConfig.deployDirectory Déploiement du répertoire /home/infoetu/delecaum/aN3/bdd/tomcat8light/tomcat8/webapps/tpSecu de l'application web
07-Dec-2016 11:37:31.844 INFO [localhost-startStop-1] org.apache.jasper.servlet.TldScanner.scanJars At least one JAR was scanned for TLDs yet contained no TLDs. Enable debug logging for this logger for a complete list of JARs that were scanned but no TLDs were found in them. Skipping unneeded JARs during scanning can improve startup time and JSP compilation time.
07-Dec-2016 11:37:31.846 INFO [localhost-startStop-1] org.apache.catalina.startup.HostConfig.deployDirectory Deployment of web application directory /home/infoetu/delecaum/aN3/bdd/tomcat8light/tomcat8/webapps/tpSecu has finished in 179 ms
07-Dec-2016 11:37:31.846 INFO [localhost-startStop-1] org.apache.catalina.startup.HostConfig.deployDirectory Déploiement du répertoire /home/infoetu/delecaum/aN3/bdd/tomcat8light/tomcat8/webapps/commons-lang3-3.5 de l'application web
07-Dec-2016 11:37:31.905 INFO [localhost-startStop-1] org.apache.jasper.servlet.TldScanner.scanJars At least one JAR was scanned for TLDs yet contained no TLDs. Enable debug logging for this logger for a complete list of JARs that were scanned but no TLDs were found in them. Skipping unneeded JARs during scanning can improve startup time and JSP compilation time.
07-Dec-2016 11:37:31.914 INFO [localhost-startStop-1] org.apache.catalina.startup.HostConfig.deployDirectory Deployment of web application directory /home/infoetu/delecaum/aN3/bdd/tomcat8light/tomcat8/webapps/commons-lang3-3.5 has finished in 68 ms
07-Dec-2016 11:37:31.914 INFO [localhost-startStop-1] org.apache.catalina.startup.HostConfig.deployDirectory Déploiement du répertoire /home/infoetu/delecaum/aN3/bdd/tomcat8light/tomcat8/webapps/ROOT de l'application web
07-Dec-2016 11:37:31.979 INFO [localhost-startStop-1] org.apache.jasper.servlet.TldScanner.scanJars At least one JAR was scanned for TLDs yet contained no TLDs. Enable debug logging for this logger for a complete list of JARs that were scanned but no TLDs were found in them. Skipping unneeded JARs during scanning can improve startup time and JSP compilation time.
07-Dec-2016 11:37:31.982 INFO [localhost-startStop-1] org.apache.catalina.startup.HostConfig.deployDirectory Deployment of web application directory /home/infoetu/delecaum/aN3/bdd/tomcat8light/tomcat8/webapps/ROOT has finished in 68 ms
07-Dec-2016 11:37:31.982 INFO [localhost-startStop-1] org.apache.catalina.startup.HostConfig.deployDirectory Déploiement du répertoire /home/infoetu/delecaum/aN3/bdd/tomcat8light/tomcat8/webapps/tp9 de l'application web
07-Dec-2016 11:37:32.038 INFO [localhost-startStop-1] org.apache.jasper.servlet.TldScanner.scanJars At least one JAR was scanned for TLDs yet contained no TLDs. Enable debug logging for this logger for a complete list of JARs that were scanned but no TLDs were found in them. Skipping unneeded JARs during scanning can improve startup time and JSP compilation time.
07-Dec-2016 11:37:32.043 INFO [localhost-startStop-1] org.apache.catalina.startup.HostConfig.deployDirectory Deployment of web application directory /home/infoetu/delecaum/aN3/bdd/tomcat8light/tomcat8/webapps/tp9 has finished in 60 ms
07-Dec-2016 11:37:32.047 INFO [main] org.apache.coyote.AbstractProtocol.start Starting ProtocolHandler ["http-nio-8080"]
07-Dec-2016 11:37:32.053 INFO [main] org.apache.coyote.AbstractProtocol.start Starting ProtocolHandler ["ajp-nio-8009"]
07-Dec-2016 11:37:32.053 INFO [main] org.apache.catalina.startup.Catalina.start Server startup in 2187 ms
07-Dec-2016 11:45:22.738 INFO [Thread-5] org.apache.coyote.AbstractProtocol.pause Pausing ProtocolHandler ["http-nio-8080"]
07-Dec-2016 11:45:22.792 INFO [Thread-5] org.apache.coyote.AbstractProtocol.pause Pausing ProtocolHandler ["ajp-nio-8009"]
07-Dec-2016 11:45:22.843 INFO [Thread-5] org.apache.catalina.core.StandardService.stopInternal Arrêt du service Catalina
07-Dec-2016 11:45:22.875 INFO [Thread-5] org.apache.coyote.AbstractProtocol.stop Stopping ProtocolHandler ["http-nio-8080"]
07-Dec-2016 11:45:22.877 INFO [Thread-5] org.apache.coyote.AbstractProtocol.stop Stopping ProtocolHandler ["ajp-nio-8009"]
07-Dec-2016 11:45:22.877 INFO [Thread-5] org.apache.coyote.AbstractProtocol.destroy Destroying ProtocolHandler ["http-nio-8080"]
07-Dec-2016 11:45:22.878 INFO [Thread-5] org.apache.coyote.AbstractProtocol.destroy Destroying ProtocolHandler ["ajp-nio-8009"]
07-Dec-2016 11:45:25.836 INFO [main] org.apache.catalina.core.AprLifecycleListener.init The APR based Apache Tomcat Native library which allows optimal performance in production environments was not found on the java.library.path: /usr/java/packages/lib/amd64:/usr/lib64:/lib64:/lib:/usr/lib
07-Dec-2016 11:45:25.984 INFO [main] org.apache.coyote.AbstractProtocol.init Initializing ProtocolHandler ["http-nio-8080"]
07-Dec-2016 11:45:25.994 INFO [main] org.apache.tomcat.util.net.NioSelectorPool.getSharedSelector Using a shared selector for servlet write/read
07-Dec-2016 11:45:25.996 INFO [main] org.apache.coyote.AbstractProtocol.init Initializing ProtocolHandler ["ajp-nio-8009"]
07-Dec-2016 11:45:25.997 INFO [main] org.apache.tomcat.util.net.NioSelectorPool.getSharedSelector Using a shared selector for servlet write/read
07-Dec-2016 11:45:25.997 INFO [main] org.apache.catalina.startup.Catalina.load Initialization processed in 371 ms
07-Dec-2016 11:45:26.014 INFO [main] org.apache.catalina.core.StandardService.startInternal Démarrage du service Catalina
07-Dec-2016 11:45:26.014 INFO [main] org.apache.catalina.core.StandardEngine.startInternal Starting Servlet Engine: Apache Tomcat/8.0.12
07-Dec-2016 11:45:26.021 INFO [localhost-startStop-1] org.apache.catalina.startup.HostConfig.deployDirectory Déploiement du répertoire /home/infoetu/delecaum/aN3/bdd/tomcat8light/tomcat8/webapps/vide de l'application web
07-Dec-2016 11:45:26.492 INFO [localhost-startStop-1] org.apache.jasper.servlet.TldScanner.scanJars At least one JAR was scanned for TLDs yet contained no TLDs. Enable debug logging for this logger for a complete list of JARs that were scanned but no TLDs were found in them. Skipping unneeded JARs during scanning can improve startup time and JSP compilation time.
07-Dec-2016 11:45:26.530 INFO [localhost-startStop-1] org.apache.catalina.startup.HostConfig.deployDirectory Deployment of web application directory /home/infoetu/delecaum/aN3/bdd/tomcat8light/tomcat8/webapps/vide has finished in 508 ms
07-Dec-2016 11:45:26.530 INFO [localhost-startStop-1] org.apache.catalina.startup.HostConfig.deployDirectory Déploiement du répertoire /home/infoetu/delecaum/aN3/bdd/tomcat8light/tomcat8/webapps/manager de l'application web
07-Dec-2016 11:45:26.629 INFO [localhost-startStop-1] org.apache.jasper.servlet.TldScanner.scanJars At least one JAR was scanned for TLDs yet contained no TLDs. Enable debug logging for this logger for a complete list of JARs that were scanned but no TLDs were found in them. Skipping unneeded JARs during scanning can improve startup time and JSP compilation time.
07-Dec-2016 11:45:26.634 INFO [localhost-startStop-1] org.apache.catalina.startup.HostConfig.deployDirectory Deployment of web application directory /home/infoetu/delecaum/aN3/bdd/tomcat8light/tomcat8/webapps/manager has finished in 104 ms
07-Dec-2016 11:45:26.634 INFO [localhost-startStop-1] org.apache.catalina.startup.HostConfig.deployDirectory Déploiement du répertoire /home/infoetu/delecaum/aN3/bdd/tomcat8light/tomcat8/webapps/bin de l'application web
07-Dec-2016 11:45:26.696 INFO [localhost-startStop-1] org.apache.jasper.servlet.TldScanner.scanJars At least one JAR was scanned for TLDs yet contained no TLDs. Enable debug logging for this logger for a complete list of JARs that were scanned but no TLDs were found in them. Skipping unneeded JARs during scanning can improve startup time and JSP compilation time.
07-Dec-2016 11:45:26.700 INFO [localhost-startStop-1] org.apache.catalina.startup.HostConfig.deployDirectory Deployment of web application directory /home/infoetu/delecaum/aN3/bdd/tomcat8light/tomcat8/webapps/bin has finished in 66 ms
07-Dec-2016 11:45:26.700 INFO [localhost-startStop-1] org.apache.catalina.startup.HostConfig.deployDirectory Déploiement du répertoire /home/infoetu/delecaum/aN3/bdd/tomcat8light/tomcat8/webapps/WebTP10 de l'application web
07-Dec-2016 11:45:26.781 INFO [localhost-startStop-1] org.apache.jasper.servlet.TldScanner.scanJars At least one JAR was scanned for TLDs yet contained no TLDs. Enable debug logging for this logger for a complete list of JARs that were scanned but no TLDs were found in them. Skipping unneeded JARs during scanning can improve startup time and JSP compilation time.
07-Dec-2016 11:45:26.784 INFO [localhost-startStop-1] org.apache.catalina.startup.HostConfig.deployDirectory Deployment of web application directory /home/infoetu/delecaum/aN3/bdd/tomcat8light/tomcat8/webapps/WebTP10 has finished in 84 ms
07-Dec-2016 11:45:26.784 INFO [localhost-startStop-1] org.apache.catalina.startup.HostConfig.deployDirectory Déploiement du répertoire /home/infoetu/delecaum/aN3/bdd/tomcat8light/tomcat8/webapps/host-manager de l'application web
07-Dec-2016 11:45:26.855 INFO [localhost-startStop-1] org.apache.jasper.servlet.TldScanner.scanJars At least one JAR was scanned for TLDs yet contained no TLDs. Enable debug logging for this logger for a complete list of JARs that were scanned but no TLDs were found in them. Skipping unneeded JARs during scanning can improve startup time and JSP compilation time.
07-Dec-2016 11:45:26.858 INFO [localhost-startStop-1] org.apache.catalina.startup.HostConfig.deployDirectory Deployment of web application directory /home/infoetu/delecaum/aN3/bdd/tomcat8light/tomcat8/webapps/host-manager has finished in 74 ms
07-Dec-2016 11:45:26.858 INFO [localhost-startStop-1] org.apache.catalina.startup.HostConfig.deployDirectory Déploiement du répertoire /home/infoetu/delecaum/aN3/bdd/tomcat8light/tomcat8/webapps/tp5 de l'application web
07-Dec-2016 11:45:27.132 INFO [localhost-startStop-1] org.apache.jasper.servlet.TldScanner.scanJars At least one JAR was scanned for TLDs yet contained no TLDs. Enable debug logging for this logger for a complete list of JARs that were scanned but no TLDs were found in them. Skipping unneeded JARs during scanning can improve startup time and JSP compilation time.
07-Dec-2016 11:45:27.135 INFO [localhost-startStop-1] org.apache.catalina.startup.HostConfig.deployDirectory Deployment of web application directory /home/infoetu/delecaum/aN3/bdd/tomcat8light/tomcat8/webapps/tp5 has finished in 277 ms
07-Dec-2016 11:45:27.135 INFO [localhost-startStop-1] org.apache.catalina.startup.HostConfig.deployDirectory Déploiement du répertoire /home/infoetu/delecaum/aN3/bdd/tomcat8light/tomcat8/webapps/tpSecu de l'application web
07-Dec-2016 11:45:27.220 INFO [localhost-startStop-1] org.apache.jasper.servlet.TldScanner.scanJars At least one JAR was scanned for TLDs yet contained no TLDs. Enable debug logging for this logger for a complete list of JARs that were scanned but no TLDs were found in them. Skipping unneeded JARs during scanning can improve startup time and JSP compilation time.
07-Dec-2016 11:45:27.222 INFO [localhost-startStop-1] org.apache.catalina.startup.HostConfig.deployDirectory Deployment of web application directory /home/infoetu/delecaum/aN3/bdd/tomcat8light/tomcat8/webapps/tpSecu has finished in 87 ms
07-Dec-2016 11:45:27.222 INFO [localhost-startStop-1] org.apache.catalina.startup.HostConfig.deployDirectory Déploiement du répertoire /home/infoetu/delecaum/aN3/bdd/tomcat8light/tomcat8/webapps/commons-lang3-3.5 de l'application web
07-Dec-2016 11:45:27.278 INFO [localhost-startStop-1] org.apache.jasper.servlet.TldScanner.scanJars At least one JAR was scanned for TLDs yet contained no TLDs. Enable debug logging for this logger for a complete list of JARs that were scanned but no TLDs were found in them. Skipping unneeded JARs during scanning can improve startup time and JSP compilation time.
07-Dec-2016 11:45:27.281 INFO [localhost-startStop-1] org.apache.catalina.startup.HostConfig.deployDirectory Deployment of web application directory /home/infoetu/delecaum/aN3/bdd/tomcat8light/tomcat8/webapps/commons-lang3-3.5 has finished in 58 ms
07-Dec-2016 11:45:27.281 INFO [localhost-startStop-1] org.apache.catalina.startup.HostConfig.deployDirectory Déploiement du répertoire /home/infoetu/delecaum/aN3/bdd/tomcat8light/tomcat8/webapps/ROOT de l'application web
07-Dec-2016 11:45:27.336 INFO [localhost-startStop-1] org.apache.jasper.servlet.TldScanner.scanJars At least one JAR was scanned for TLDs yet contained no TLDs. Enable debug logging for this logger for a complete list of JARs that were scanned but no TLDs were found in them. Skipping unneeded JARs during scanning can improve startup time and JSP compilation time.
07-Dec-2016 11:45:27.339 INFO [localhost-startStop-1] org.apache.catalina.startup.HostConfig.deployDirectory Deployment of web application directory /home/infoetu/delecaum/aN3/bdd/tomcat8light/tomcat8/webapps/ROOT has finished in 58 ms
07-Dec-2016 11:45:27.339 INFO [localhost-startStop-1] org.apache.catalina.startup.HostConfig.deployDirectory Déploiement du répertoire /home/infoetu/delecaum/aN3/bdd/tomcat8light/tomcat8/webapps/tp9 de l'application web
07-Dec-2016 11:45:27.391 INFO [localhost-startStop-1] org.apache.jasper.servlet.TldScanner.scanJars At least one JAR was scanned for TLDs yet contained no TLDs. Enable debug logging for this logger for a complete list of JARs that were scanned but no TLDs were found in them. Skipping unneeded JARs during scanning can improve startup time and JSP compilation time.
07-Dec-2016 11:45:27.394 INFO [localhost-startStop-1] org.apache.catalina.startup.HostConfig.deployDirectory Deployment of web application directory /home/infoetu/delecaum/aN3/bdd/tomcat8light/tomcat8/webapps/tp9 has finished in 55 ms
07-Dec-2016 11:45:27.398 INFO [main] org.apache.coyote.AbstractProtocol.start Starting ProtocolHandler ["http-nio-8080"]
07-Dec-2016 11:45:27.402 INFO [main] org.apache.coyote.AbstractProtocol.start Starting ProtocolHandler ["ajp-nio-8009"]
07-Dec-2016 11:45:27.403 INFO [main] org.apache.catalina.startup.Catalina.start Server startup in 1405 ms
07-Dec-2016 11:48:48.365 INFO [ContainerBackgroundProcessor[StandardEngine[Catalina]]] org.apache.catalina.core.StandardContext.reload Le rechargement du contexte [/vide] a démarré
07-Dec-2016 11:48:48.646 INFO [ContainerBackgroundProcessor[StandardEngine[Catalina]]] org.apache.catalina.core.StandardContext.reload Le rechargement de ce contexte est terminé
07-Dec-2016 11:49:58.729 INFO [ContainerBackgroundProcessor[StandardEngine[Catalina]]] org.apache.catalina.core.StandardContext.reload Le rechargement du contexte [/vide] a démarré
07-Dec-2016 11:49:59.019 INFO [ContainerBackgroundProcessor[StandardEngine[Catalina]]] org.apache.catalina.core.StandardContext.reload Le rechargement de ce contexte est terminé
07-Dec-2016 11:50:59.094 INFO [ContainerBackgroundProcessor[StandardEngine[Catalina]]] org.apache.catalina.core.StandardContext.reload Le rechargement du contexte [/vide] a démarré
07-Dec-2016 11:50:59.374 INFO [ContainerBackgroundProcessor[StandardEngine[Catalina]]] org.apache.catalina.core.StandardContext.reload Le rechargement de ce contexte est terminé
07-Dec-2016 11:51:51.375 INFO [Thread-5] org.apache.coyote.AbstractProtocol.pause Pausing ProtocolHandler ["http-nio-8080"]
07-Dec-2016 11:51:51.426 INFO [Thread-5] org.apache.coyote.AbstractProtocol.pause Pausing ProtocolHandler ["ajp-nio-8009"]
07-Dec-2016 11:51:51.477 INFO [Thread-5] org.apache.catalina.core.StandardService.stopInternal Arrêt du service Catalina
07-Dec-2016 11:51:51.520 INFO [Thread-5] org.apache.coyote.AbstractProtocol.stop Stopping ProtocolHandler ["http-nio-8080"]
07-Dec-2016 11:51:51.522 INFO [Thread-5] org.apache.coyote.AbstractProtocol.stop Stopping ProtocolHandler ["ajp-nio-8009"]
07-Dec-2016 11:51:51.523 INFO [Thread-5] org.apache.coyote.AbstractProtocol.destroy Destroying ProtocolHandler ["http-nio-8080"]
07-Dec-2016 11:51:51.523 INFO [Thread-5] org.apache.coyote.AbstractProtocol.destroy Destroying ProtocolHandler ["ajp-nio-8009"]
